<?xml version="1.0" encoding="UTF-8"?>
<!-- Generated by org.testng.reporters.JUnitReportReporter -->
<testsuite hostname="pushkarv" failures="0" tests="1" name="tests.CleanUpTest" time="66.823" errors="0" timestamp="2021-12-30T11:25:49 IST" skipped="0">
  <testcase classname="tests.CleanUpTest" name="cleanUpTestCases" time="66.823"/>
  <system-out/>
</testsuite> <!-- tests.CleanUpTest -->
