<?xml version="1.0" encoding="UTF-8"?>
<!-- Generated by org.testng.reporters.JUnitReportReporter -->
<testsuite hostname="pushkarv" failures="0" tests="1" name="tests.PagesTest" time="330.717" errors="0" timestamp="2021-10-11T19:57:10 IST" skipped="0">
  <testcase classname="tests.PagesTest" name="pagesTestCases" time="330.717"/>
  <system-out/>
</testsuite> <!-- tests.PagesTest -->
