<?xml version="1.0" encoding="UTF-8"?>
<!-- Generated by org.testng.reporters.JUnitReportReporter -->
<testsuite hostname="pushkarv" failures="0" tests="1" name="tests.SurveyTest" time="114.776" errors="0" timestamp="2021-10-11T12:51:51 IST" skipped="0">
  <testcase classname="tests.SurveyTest" name="surveyTestCases" time="114.776"/>
  <system-out/>
</testsuite> <!-- tests.SurveyTest -->
