<?xml version="1.0" encoding="UTF-8"?>
<!-- Generated by org.testng.reporters.JUnitReportReporter -->
<testsuite hostname="pushkarv" failures="0" tests="1" name="tests.DomainSettingsTest" time="147.177" errors="0" timestamp="2021-10-11T23:35:01 IST" skipped="0">
  <testcase classname="tests.DomainSettingsTest" name="wikiTestCases" time="147.177"/>
  <system-out/>
</testsuite> <!-- tests.DomainSettingsTest -->
