<?xml version="1.0" encoding="UTF-8"?>
<!-- Generated by org.testng.reporters.JUnitReportReporter -->
<testsuite hostname="pushkarv" failures="0" tests="1" name="tests.DomainSettingsTest" time="56.848" errors="0" timestamp="2021-12-30T12:47:00 IST" skipped="0">
  <testcase classname="tests.DomainSettingsTest" name="domainSettingTestCases" time="56.848"/>
  <system-out/>
</testsuite> <!-- tests.DomainSettingsTest -->
