<?xml version="1.0" encoding="UTF-8"?>
<!-- Generated by org.testng.reporters.JUnitReportReporter -->
<testsuite hostname="pushkarv" failures="0" tests="1" name="tests.PostsTest" time="80.862" errors="0" timestamp="2021-10-08T16:30:59 IST" skipped="0">
  <testcase classname="tests.PostsTest" name="postTestCases" time="80.862"/>
  <system-out/>
</testsuite> <!-- tests.PostsTest -->
