<?xml version="1.0" encoding="UTF-8"?>
<!-- Generated by org.testng.reporters.JUnitReportReporter -->
<testsuite hostname="pushkarv" failures="0" tests="1" name="tests.PagesTest" time="330.565" errors="0" timestamp="2021-12-28T16:16:16 IST" skipped="0">
  <testcase classname="tests.PagesTest" name="pagesTestCases" time="330.565"/>
  <system-out/>
</testsuite> <!-- tests.PagesTest -->
