<?xml version="1.0" encoding="UTF-8"?>
<!-- Generated by org.testng.reporters.JUnitReportReporter -->
<testsuite hostname="pushkarv" failures="0" tests="1" name="tests.Posts" time="13.434" errors="0" timestamp="2021-09-01T16:03:51 IST" skipped="0">
  <testcase classname="tests.Posts" name="postTestCases" time="13.434"/>
  <system-out/>
</testsuite> <!-- tests.Posts -->
