<?xml version="1.0" encoding="UTF-8"?>
<!-- Generated by org.testng.reporters.JUnitReportReporter -->
<testsuite hostname="pushkarv" failures="0" tests="1" name="tests.WikiTest" time="66.390" errors="0" timestamp="2021-12-28T16:16:16 IST" skipped="0">
  <testcase classname="tests.WikiTest" name="wikiTestCases" time="66.390"/>
  <system-out/>
</testsuite> <!-- tests.WikiTest -->
