<?xml version="1.0" encoding="UTF-8"?>
<!-- Generated by org.testng.reporters.JUnitReportReporter -->
<testsuite hostname="pushkarv" failures="0" tests="1" name="tests.FilesTest" time="395.423" errors="0" timestamp="2021-10-11T23:35:01 IST" skipped="0">
  <testcase classname="tests.FilesTest" name="filesTestCases" time="395.423"/>
  <system-out/>
</testsuite> <!-- tests.FilesTest -->
