<?xml version="1.0" encoding="UTF-8"?>
<!-- Generated by org.testng.reporters.JUnitReportReporter -->
<testsuite hostname="pushkarv" failures="0" tests="1" name="tests.SurveyTest" time="98.780" errors="0" timestamp="2021-10-11T23:35:01 IST" skipped="0">
  <testcase classname="tests.SurveyTest" name="surveyTestCases" time="98.780"/>
  <system-out/>
</testsuite> <!-- tests.SurveyTest -->
