<?xml version="1.0" encoding="UTF-8"?>
<!-- Generated by org.testng.reporters.JUnitReportReporter -->
<testsuite hostname="pushkarv" failures="0" tests="1" name="tests.CreateProjectTemplateTest" time="690.275" errors="0" timestamp="2021-10-11T21:42:13 IST" skipped="0">
  <testcase classname="tests.CreateProjectTemplateTest" name="projectTemplatesCreation" time="690.275"/>
  <system-out/>
</testsuite> <!-- tests.CreateProjectTemplateTest -->
