<?xml version="1.0" encoding="UTF-8"?>
<!-- Generated by org.testng.reporters.JUnitReportReporter -->
<testsuite hostname="pushkarv" failures="0" tests="1" name="tests.CreateProjectFromTemplateTest" time="217.656" errors="0" timestamp="2021-10-08T16:30:59 IST" skipped="0">
  <testcase classname="tests.CreateProjectFromTemplateTest" name="projectTemplatesCreation" time="217.656"/>
  <system-out/>
</testsuite> <!-- tests.CreateProjectFromTemplateTest -->
