<?xml version="1.0" encoding="UTF-8"?>
<!-- Generated by org.testng.reporters.JUnitReportReporter -->
<testsuite hostname="pushkarv" failures="0" tests="1" name="tests.WikiTest" time="227.503" errors="0" timestamp="2021-10-08T16:48:30 IST" skipped="0">
  <testcase classname="tests.WikiTest" name="wikiTestCases" time="227.503"/>
  <system-out/>
</testsuite> <!-- tests.WikiTest -->
