<?xml version="1.0" encoding="UTF-8"?>
<!-- Generated by org.testng.reporters.JUnitReportReporter -->
<testsuite hostname="pushkarv" failures="0" tests="1" name="tests.DomainSettingsTest" time="60.321" errors="0" timestamp="2021-12-28T16:16:16 IST" skipped="0">
  <testcase classname="tests.DomainSettingsTest" name="domainSettingTestCases" time="60.321"/>
  <system-out/>
</testsuite> <!-- tests.DomainSettingsTest -->
