<?xml version="1.0" encoding="UTF-8"?>
<!-- Generated by org.testng.reporters.JUnitReportReporter -->
<testsuite hostname="pushkarv" failures="0" tests="1" name="tests.WikiTest" time="70.584" errors="0" timestamp="2021-10-11T23:35:01 IST" skipped="0">
  <testcase classname="tests.WikiTest" name="wikiTestCases" time="70.584"/>
  <system-out/>
</testsuite> <!-- tests.WikiTest -->
