<?xml version="1.0" encoding="UTF-8"?>
<!-- Generated by org.testng.reporters.JUnitReportReporter -->
<testsuite hostname="pushkarv" failures="0" tests="1" name="tests.DomainSettingsTest" time="82.678" errors="0" timestamp="2021-10-04T10:49:09 IST" skipped="0">
  <testcase classname="tests.DomainSettingsTest" name="domainSettingTestCases" time="82.678"/>
  <system-out>
    <![CDATA[Domain setting test cases failed]]>
  </system-out>
</testsuite> <!-- tests.DomainSettingsTest -->
