<?xml version="1.0" encoding="UTF-8"?>
<!-- Generated by org.testng.reporters.JUnitReportReporter -->
<testsuite hostname="pushkarv" failures="0" tests="1" name="tests.DomainSettingsTest" time="146.656" errors="0" timestamp="2021-10-08T16:30:59 IST" skipped="0">
  <testcase classname="tests.DomainSettingsTest" name="wikiTestCases" time="146.656"/>
  <system-out/>
</testsuite> <!-- tests.DomainSettingsTest -->
