<?xml version="1.0" encoding="UTF-8"?>
<!-- Generated by org.testng.reporters.JUnitReportReporter -->
<testsuite hostname="pushkarv" failures="0" tests="1" name="tests.TrackerTest" time="220.051" errors="0" timestamp="2021-10-11T19:57:10 IST" skipped="0">
  <testcase classname="tests.TrackerTest" name="trackerTestCases" time="220.051"/>
  <system-out/>
</testsuite> <!-- tests.TrackerTest -->
