<?xml version="1.0" encoding="UTF-8"?>
<!-- Generated by org.testng.reporters.JUnitReportReporter -->
<testsuite hostname="pushkarv" failures="0" tests="1" name="tests.CreateProjectFromTemplateTest" time="343.432" errors="0" timestamp="2021-12-30T11:25:49 IST" skipped="0">
  <testcase classname="tests.CreateProjectFromTemplateTest" name="createProjectFromTemplates" time="343.432"/>
  <system-out/>
</testsuite> <!-- tests.CreateProjectFromTemplateTest -->
