<?xml version="1.0" encoding="UTF-8"?>
<!-- Generated by org.testng.reporters.JUnitReportReporter -->
<testsuite hostname="pushkarv" failures="0" tests="1" name="tests.CreateProjectTemplateTest" time="703.749" errors="0" timestamp="2021-12-28T16:16:16 IST" skipped="0">
  <testcase classname="tests.CreateProjectTemplateTest" name="projectTemplatesCreation" time="703.749"/>
  <system-out/>
</testsuite> <!-- tests.CreateProjectTemplateTest -->
