<?xml version="1.0" encoding="UTF-8"?>
<!-- Generated by org.testng.reporters.JUnitReportReporter -->
<testsuite hostname="pushkarv" failures="0" tests="1" name="tests.WikiTest" time="64.780" errors="0" timestamp="2021-12-30T11:25:48 IST" skipped="0">
  <testcase classname="tests.WikiTest" name="wikiTestCases" time="64.780"/>
  <system-out/>
</testsuite> <!-- tests.WikiTest -->
