<?xml version="1.0" encoding="UTF-8"?>
<!-- Generated by org.testng.reporters.JUnitReportReporter -->
<testsuite hostname="pushkarv" failures="0" tests="1" name="tests.PagesTest" time="173.297" errors="0" timestamp="2021-09-30T18:47:01 IST" skipped="0">
  <testcase classname="tests.PagesTest" name="pagesTestCases" time="173.297"/>
  <system-out/>
</testsuite> <!-- tests.PagesTest -->
