<?xml version="1.0" encoding="UTF-8"?>
<!-- Generated by org.testng.reporters.JUnitReportReporter -->
<testsuite hostname="pushkarv" failures="0" tests="1" name="tests.PagesTest" time="246.981" errors="0" timestamp="2021-12-30T11:25:48 IST" skipped="0">
  <testcase classname="tests.PagesTest" name="pagesTestCases" time="246.981"/>
  <system-out/>
</testsuite> <!-- tests.PagesTest -->
