<?xml version="1.0" encoding="UTF-8"?>
<!-- Generated by org.testng.reporters.JUnitReportReporter -->
<testsuite hostname="pushkarv" failures="0" tests="1" name="tests.WikiTest" time="82.024" errors="0" timestamp="2021-10-11T22:39:43 IST" skipped="0">
  <testcase classname="tests.WikiTest" name="wikiTestCases" time="82.024"/>
  <system-out/>
</testsuite> <!-- tests.WikiTest -->
