<?xml version="1.0" encoding="UTF-8"?>
<!-- Generated by org.testng.reporters.JUnitReportReporter -->
<testsuite hostname="pushkarv" failures="0" tests="1" name="tests.TrackerTest" time="228.551" errors="0" timestamp="2021-10-04T15:38:32 IST" skipped="0">
  <testcase classname="tests.TrackerTest" name="trackerTestCases" time="228.551"/>
  <system-out/>
</testsuite> <!-- tests.TrackerTest -->
