<?xml version="1.0" encoding="UTF-8"?>
<!-- Generated by org.testng.reporters.JUnitReportReporter -->
<testsuite hostname="pushkarv" failures="0" tests="1" name="tests.PostsTest" time="78.818" errors="0" timestamp="2021-12-30T11:25:49 IST" skipped="0">
  <testcase classname="tests.PostsTest" name="postTestCases" time="78.818"/>
  <system-out/>
</testsuite> <!-- tests.PostsTest -->
