<?xml version="1.0" encoding="UTF-8"?>
<!-- Generated by org.testng.reporters.JUnitReportReporter -->
<testsuite hostname="pushkarv" failures="0" tests="1" name="tests.SurveyTest" time="96.354" errors="0" timestamp="2021-12-30T11:25:49 IST" skipped="0">
  <testcase classname="tests.SurveyTest" name="surveyTestCases" time="96.354"/>
  <system-out/>
</testsuite> <!-- tests.SurveyTest -->
