<?xml version="1.0" encoding="UTF-8"?>
<!-- Generated by org.testng.reporters.JUnitReportReporter -->
<testsuite hostname="pushkarv" failures="0" tests="1" name="MangoSanity.MangoSanity.Posts" time="0.005" errors="0" timestamp="2021-08-31T21:15:22 IST" skipped="0">
  <testcase classname="MangoSanity.MangoSanity.Posts" name="method01" time="0.005"/>
  <system-out/>
</testsuite> <!-- MangoSanity.MangoSanity.Posts -->
