<?xml version="1.0" encoding="UTF-8"?>
<!-- Generated by org.testng.reporters.JUnitReportReporter -->
<testsuite hostname="pushkarv" failures="0" tests="1" name="tests.CreateProjectFromTemplateTest" time="214.043" errors="0" timestamp="2021-09-30T01:54:12 IST" skipped="0">
  <testcase classname="tests.CreateProjectFromTemplateTest" name="projectTemplatesCreation" time="214.043"/>
  <system-out/>
</testsuite> <!-- tests.CreateProjectFromTemplateTest -->
