<?xml version="1.0" encoding="UTF-8"?>
<!-- Generated by org.testng.reporters.JUnitReportReporter -->
<testsuite hostname="pushkarv" failures="0" tests="1" name="tests.PagesTest" time="344.615" errors="0" timestamp="2021-10-08T16:30:59 IST" skipped="0">
  <testcase classname="tests.PagesTest" name="pagesTestCases" time="344.615"/>
  <system-out/>
</testsuite> <!-- tests.PagesTest -->
