<?xml version="1.0" encoding="UTF-8"?>
<!-- Generated by org.testng.reporters.JUnitReportReporter -->
<testsuite hostname="pushkarv" failures="0" tests="1" name="tests.LoginTest" time="1.799" errors="0" timestamp="2021-09-01T16:59:32 IST" skipped="0">
  <testcase classname="tests.LoginTest" name="logintestCases" time="1.799"/>
  <system-out/>
</testsuite> <!-- tests.LoginTest -->
