<?xml version="1.0" encoding="UTF-8"?>
<!-- Generated by org.testng.reporters.JUnitReportReporter -->
<testsuite hostname="pushkarv" failures="0" tests="1" name="tests.CreateProjectTemplateTest" time="679.326" errors="0" timestamp="2021-10-08T16:30:59 IST" skipped="0">
  <testcase classname="tests.CreateProjectTemplateTest" name="projectTemplatesCreation" time="679.326"/>
  <system-out/>
</testsuite> <!-- tests.CreateProjectTemplateTest -->
