<?xml version="1.0" encoding="UTF-8"?>
<!-- Generated by org.testng.reporters.JUnitReportReporter -->
<testsuite hostname="pushkarv" failures="0" tests="1" name="tests.CleanUpTest" time="107.856" errors="0" timestamp="2021-12-28T18:24:02 IST" skipped="0">
  <testcase classname="tests.CleanUpTest" name="cleanUpTestCases" time="107.856"/>
  <system-out/>
</testsuite> <!-- tests.CleanUpTest -->
