<?xml version="1.0" encoding="UTF-8"?>
<!-- Generated by org.testng.reporters.JUnitReportReporter -->
<testsuite hostname="pushkarv" failures="0" tests="1" name="tests.TrackerTest" time="82.488" errors="0" timestamp="2021-12-30T12:38:42 IST" skipped="0">
  <testcase classname="tests.TrackerTest" name="trackerTestCases" time="82.488"/>
  <system-out/>
</testsuite> <!-- tests.TrackerTest -->
