<?xml version="1.0" encoding="UTF-8"?>
<!-- Generated by org.testng.reporters.JUnitReportReporter -->
<testsuite hostname="pushkarv" failures="0" tests="1" name="tests.TrackerTest" time="226.540" errors="0" timestamp="2021-10-08T16:30:59 IST" skipped="0">
  <testcase classname="tests.TrackerTest" name="trackerTestCases" time="226.540"/>
  <system-out/>
</testsuite> <!-- tests.TrackerTest -->
