<?xml version="1.0" encoding="UTF-8"?>
<!-- Generated by org.testng.reporters.JUnitReportReporter -->
<testsuite hostname="pushkarv" failures="0" tests="1" name="tests.FilesTest" time="392.208" errors="0" timestamp="2021-10-11T19:57:10 IST" skipped="0">
  <testcase classname="tests.FilesTest" name="filesTestCases" time="392.208"/>
  <system-out/>
</testsuite> <!-- tests.FilesTest -->
