<?xml version="1.0" encoding="UTF-8"?>
<!-- Generated by org.testng.reporters.JUnitReportReporter -->
<testsuite hostname="pushkarv" failures="0" tests="1" name="tests.CreateProjectFromTemplateTest" time="337.425" errors="0" timestamp="2021-12-28T16:16:16 IST" skipped="0">
  <testcase classname="tests.CreateProjectFromTemplateTest" name="createProjectFromTemplates" time="337.425"/>
  <system-out/>
</testsuite> <!-- tests.CreateProjectFromTemplateTest -->
