<?xml version="1.0" encoding="UTF-8"?>
<!-- Generated by org.testng.reporters.JUnitReportReporter -->
<testsuite hostname="pushkarv" failures="0" tests="1" name="tests.PostsTest" time="85.470" errors="0" timestamp="2021-10-11T23:35:01 IST" skipped="0">
  <testcase classname="tests.PostsTest" name="postTestCases" time="85.470"/>
  <system-out/>
</testsuite> <!-- tests.PostsTest -->
